build/outputs/logs/manifest-merger-debug-report.txt
-- Merging decision tree log ---
manifest
ADDED from MytTestDemo\AndroidManifest.xml:2:1-59:12
	package
		ADDED from MytTestDemo\AndroidManifest.xml:3:5-32
	android:versionName
		ADDED from MytTestDemo\AndroidManifest.xml:5:5-30
		INJECTED from MytTestDemo\AndroidManifest.xml
		INJECTED from MytTestDemo\AndroidManifest.xml
	android:versionCode
		ADDED from MytTestDemo\AndroidManifest.xml:4:5-28
		INJECTED from MytTestDemo\AndroidManifest.xml
		INJECTED from MytTestDemo\AndroidManifest.xml
	xmlns:android
		ADDED from MytTestDemo\AndroidManifest.xml:2:11-69
uses-sdk
ADDED from MytTestDemo\AndroidManifest.xml:7:5-9:41
	android:targetSdkVersion
		ADDED from MytTestDemo\AndroidManifest.xml:9:9-38
	android:minSdkVersion
		ADDED from MytTestDemo\AndroidManifest.xml:8:9-35
uses-permission#android.permission.CAMERA
ADDED from MytTestDemo\AndroidManifest.xml:11:5-65
	android:name
		ADDED from MytTestDemo\AndroidManifest.xml:11:22-62
uses-permission#android.permission.INTERNET
ADDED from MytTestDemo\AndroidManifest.xml:12:5-67
	android:name
		ADDED from MytTestDemo\AndroidManifest.xml:12:22-64
uses-permission#android.permission.VIBRATE
ADDED from MytTestDemo\AndroidManifest.xml:13:5-66
	android:name
		ADDED from MytTestDemo\AndroidManifest.xml:13:22-63
uses-permission#android.permission.FLASHLIGHT
ADDED from MytTestDemo\AndroidManifest.xml:14:5-69
	android:name
		ADDED from MytTestDemo\AndroidManifest.xml:14:22-66
android:uses-permission#android.permission.WRITE_EXTERNAL_STORAGE
ADDED from MytTestDemo\AndroidManifest.xml:16:5-89
	android:name
		ADDED from MytTestDemo\AndroidManifest.xml:16:30-86
android:uses-permission#android.permission.READ_PHONE_STATE
ADDED from MytTestDemo\AndroidManifest.xml:17:5-83
	android:name
		ADDED from MytTestDemo\AndroidManifest.xml:17:30-80
android:uses-permission#android.permission.READ_EXTERNAL_STORAGE
ADDED from MytTestDemo\AndroidManifest.xml:18:5-88
	android:name
		ADDED from MytTestDemo\AndroidManifest.xml:18:30-85
application
ADDED from MytTestDemo\AndroidManifest.xml:20:5-57:19
	android:label
		ADDED from MytTestDemo\AndroidManifest.xml:23:9-41
	android:allowBackup
		ADDED from MytTestDemo\AndroidManifest.xml:21:9-35
	android:icon
		ADDED from MytTestDemo\AndroidManifest.xml:22:9-45
	android:theme
		ADDED from MytTestDemo\AndroidManifest.xml:24:9-40
activity#com.main.MainActivity
ADDED from MytTestDemo\AndroidManifest.xml:25:9-28:79
	android:label
		ADDED from MytTestDemo\AndroidManifest.xml:27:13-45
	android:windowSoftInputMode
		ADDED from MytTestDemo\AndroidManifest.xml:28:13-67
	android:name
		ADDED from MytTestDemo\AndroidManifest.xml:26:13-49
activity#com.zxing.activity.CaptureActivity
ADDED from MytTestDemo\AndroidManifest.xml:29:9-34:63
	android:screenOrientation
		ADDED from MytTestDemo\AndroidManifest.xml:32:13-49
	android:windowSoftInputMode
		ADDED from MytTestDemo\AndroidManifest.xml:34:13-60
	android:configChanges
		ADDED from MytTestDemo\AndroidManifest.xml:31:13-63
	android:theme
		ADDED from MytTestDemo\AndroidManifest.xml:33:13-71
	android:name
		ADDED from MytTestDemo\AndroidManifest.xml:30:13-62
activity#com.yintong.activity.CasherScanQrcode
ADDED from MytTestDemo\AndroidManifest.xml:35:9-40:63
	android:screenOrientation
		ADDED from MytTestDemo\AndroidManifest.xml:39:13-49
	android:label
		ADDED from MytTestDemo\AndroidManifest.xml:38:13-45
	android:windowSoftInputMode
		ADDED from MytTestDemo\AndroidManifest.xml:40:13-60
	android:configChanges
		ADDED from MytTestDemo\AndroidManifest.xml:37:13-63
	android:name
		ADDED from MytTestDemo\AndroidManifest.xml:36:13-65
service#com.example.aidl.AbcTestAidl
ADDED from MytTestDemo\AndroidManifest.xml:42:9-64
	android:name
		ADDED from MytTestDemo\AndroidManifest.xml:42:18-61
service#com.example.aidl.test2
ADDED from MytTestDemo\AndroidManifest.xml:43:9-58
	android:name
		ADDED from MytTestDemo\AndroidManifest.xml:43:18-55
activity#com.camrea.CameraScanActivity
ADDED from MytTestDemo\AndroidManifest.xml:45:9-47:66
	android:label
		ADDED from MytTestDemo\AndroidManifest.xml:47:13-63
	android:name
		ADDED from MytTestDemo\AndroidManifest.xml:46:13-57
activity#com.com.baseclass.BaseActivity
ADDED from MytTestDemo\AndroidManifest.xml:48:9-67
	android:name
		ADDED from MytTestDemo\AndroidManifest.xml:48:19-64
activity#com.main.Main2Activity
ADDED from MytTestDemo\AndroidManifest.xml:49:9-55:20
	android:name
		ADDED from MytTestDemo\AndroidManifest.xml:49:19-56
intent-filter#android.intent.action.MAIN+android.intent.category.LAUNCHER
ADDED from MytTestDemo\AndroidManifest.xml:50:13-54:29
action#android.intent.action.MAIN
ADDED from MytTestDemo\AndroidManifest.xml:51:17-69
	android:name
		ADDED from MytTestDemo\AndroidManifest.xml:51:25-66
category#android.intent.category.LAUNCHER
ADDED from MytTestDemo\AndroidManifest.xml:53:17-77
	android:name
		ADDED from MytTestDemo\AndroidManifest.xml:53:27-74
activity#com.main.MyClass.Main3Activity
ADDED from MytTestDemo\AndroidManifest.xml:56:9-76
	android:name
		ADDED from MytTestDemo\AndroidManifest.xml:56:19-64